===========================================================================
***************  Panorama makefile generated by Hugin       ***************
===========================================================================
System information
===========================================================================
Operating system: GNU/Linux
Release: 3.13.0-49-generic
Kernel version: #83-Ubuntu SMP Fri Apr 10 20:11:33 UTC 2015
Machine: x86_64
Disc usage
Filesystem      Size  Used Avail Use% Mounted on
/dev/sda2       292G  210G   67G  76% /
none            4.0K     0  4.0K   0% /sys/fs/cgroup
udev            847M  4.0K  847M   1% /dev
tmpfs           172M  1.4M  171M   1% /run
none            5.0M     0  5.0M   0% /run/lock
none            858M  428K  857M   1% /run/shm
none            100M   80K  100M   1% /run/user
/dev/sda1       511M  3.4M  508M   1% /boot/efi
Memory usage
             total       used       free     shared    buffers     cached
Mem:          1714       1594        120         10         24        220
-/+ buffers/cache:       1348        365
Swap:         1755       1239        516
===========================================================================
Output options
===========================================================================
Hugin Version: 2014.0.0.5da69bc383dd
Project file: /tmp/huginpto_aPTPfE
Output prefix: elphelimg_7321173.jpeg_result.png_tile_0 - elphelimg_7399783.jpeg_result.png_tile_1
Projection: Equirectangular (2)
Field of view: 209 x 156
Canvas dimensions: 2138 x 1596
Crop area: (0,0) - (2138,1596)
Output exposure value: 0.00
Output stacks minimum overlap: 0.700
Output layers maximum Ev difference: 0.50
Selected outputs
Normal panorama
* Blended panorama
===========================================================================
Input images
===========================================================================
Number of images in project file: 8
Number of active images: 8
Image 0: /home/tom/Desktop/spherecam/elphelimg_7321173.jpeg_result.png_tile_0.png
Image 0: Size 2592x1944, Exposure: 0.00
Image 1: /home/tom/Desktop/spherecam/elphelimg_7321173.jpeg_result.png_tile_1.png
Image 1: Size 2592x1944, Exposure: 0.00
Image 2: /home/tom/Desktop/spherecam/elphelimg_7341213.jpeg_result.png_tile_0.png
Image 2: Size 2592x1944, Exposure: 0.00
Image 3: /home/tom/Desktop/spherecam/elphelimg_7341213.jpeg_result.png_tile_1.png
Image 3: Size 2592x1944, Exposure: 0.00
Image 4: /home/tom/Desktop/spherecam/elphelimg_7363006.jpeg_result.png_tile_0.png
Image 4: Size 2592x1944, Exposure: 0.00
Image 5: /home/tom/Desktop/spherecam/elphelimg_7363006.jpeg_result.png_tile_1.png
Image 5: Size 2592x1944, Exposure: 0.00
Image 6: /home/tom/Desktop/spherecam/elphelimg_7399783.jpeg_result.png_tile_0.png
Image 6: Size 2592x1944, Exposure: 0.00
Image 7: /home/tom/Desktop/spherecam/elphelimg_7399783.jpeg_result.png_tile_1.png
Image 7: Size 2592x1944, Exposure: 0.00
===========================================================================
Testing programs
===========================================================================
Checking nona...[OK]
Checking enblend...[OK]
Checking enfuse...[OK]
Checking hugin_hdrmerge...[OK]
Checking exiftool...[OK]
===========================================================================
Stitching panorama
===========================================================================
nona  -z LZW -r ldr -m TIFF_m -o elphelimg_7321173.jpeg_result.png_tile_0\ -\ elphelimg_7399783.jpeg_result.png_tile_1 -i 0 /tmp/huginpto_aPTPfE
make: *** [elphelimg_7321173.jpeg_result.png_tile_0 - elphelimg_7399783.jpeg_result.png_tile_10000.tif] Terminated
